2015-07-29 10:01:46,028 [Worker-3] INFO  o.e.m.c.i.p.ProjectConfigurationManager - Collecting project info '/pom.xml' /Users/titengjiang/Documents/Project/J2ee/project/aurora-java/aurora-plugin-weixin/aurora-plugin-weixin/pom.xml
2015-07-29 10:01:46,799 [Worker-3] INFO  o.e.m.c.i.l.LifecycleMappingFactory - Using org.eclipse.m2e.jdt.JarLifecycleMapping lifecycle mapping for MavenProject: com.hand:aurora-plugin-weixin:0.0.1-SNAPSHOT @ /Users/titengjiang/Documents/Project/J2ee/project/aurora-java/aurora-plugin-weixin/aurora-plugin-weixin/pom.xml.
2015-07-29 10:01:47,022 [Worker-3] INFO  o.e.m.j.i.AbstractJavaProjectConfigurator - Adding source folder /aurora-plugin-weixin/src/main/java
2015-07-29 10:01:47,025 [Worker-3] INFO  o.e.m.j.i.AbstractJavaProjectConfigurator - Adding source folder /aurora-plugin-weixin/src/test/java
2015-07-29 10:01:47,098 [Worker-3] INFO  o.e.m.c.i.p.ProjectConfigurationManager - Imported and configured 1 project(s) in 1 sec
2015-07-29 10:01:47,518 [Worker-5] INFO  o.e.m.c.i.l.LifecycleMappingFactory - Using org.eclipse.m2e.jdt.JarLifecycleMapping lifecycle mapping for MavenProject: com.hand:aurora-plugin-weixin:0.0.1-SNAPSHOT @ /Users/titengjiang/Documents/Project/J2ee/project/aurora-java/aurora-plugin-weixin/aurora-plugin-weixin/pom.xml.
2015-07-29 10:01:47,633 [Worker-5] INFO  o.e.m.c.i.embedder.EclipseLogger - Using 'UTF-8' encoding to copy filtered resources.
2015-07-29 10:01:47,633 [Worker-5] INFO  o.e.m.c.i.embedder.EclipseLogger - skip non existing resourceDirectory /Users/titengjiang/Documents/Project/J2ee/project/aurora-java/aurora-plugin-weixin/aurora-plugin-weixin/src/main/resources
2015-07-29 10:01:47,635 [Worker-5] INFO  o.e.m.c.i.embedder.EclipseLogger - Using 'UTF-8' encoding to copy filtered resources.
2015-07-29 10:01:47,635 [Worker-5] INFO  o.e.m.c.i.embedder.EclipseLogger - skip non existing resourceDirectory /Users/titengjiang/Documents/Project/J2ee/project/aurora-java/aurora-plugin-weixin/aurora-plugin-weixin/src/test/resources
2015-07-29 10:01:48,157 [Worker-8] INFO  o.e.m.c.i.l.LifecycleMappingFactory - Using org.eclipse.m2e.jdt.JarLifecycleMapping lifecycle mapping for MavenProject: com.hand:aurora-plugin-weixin:0.0.1-SNAPSHOT @ /Users/titengjiang/Documents/Project/J2ee/project/aurora-java/aurora-plugin-weixin/aurora-plugin-weixin/pom.xml.
2015-07-29 10:01:48,688 [Worker-1] INFO  o.e.m.c.i.embedder.EclipseLogger - Using 'UTF-8' encoding to copy filtered resources.
2015-07-29 10:01:48,688 [Worker-1] INFO  o.e.m.c.i.embedder.EclipseLogger - skip non existing resourceDirectory /Users/titengjiang/Documents/Project/J2ee/project/aurora-java/aurora-plugin-weixin/aurora-plugin-weixin/src/main/resources
2015-07-29 10:01:48,690 [Worker-1] INFO  o.e.m.c.i.embedder.EclipseLogger - Using 'UTF-8' encoding to copy filtered resources.
2015-07-29 10:01:48,690 [Worker-1] INFO  o.e.m.c.i.embedder.EclipseLogger - skip non existing resourceDirectory /Users/titengjiang/Documents/Project/J2ee/project/aurora-java/aurora-plugin-weixin/aurora-plugin-weixin/src/test/resources
2015-07-29 10:01:59,378 [Worker-0] INFO  o.e.m.c.i.embedder.EclipseLogger - Using 'UTF-8' encoding to copy filtered resources.
2015-07-29 10:01:59,378 [Worker-0] INFO  o.e.m.c.i.embedder.EclipseLogger - skip non existing resourceDirectory /Users/titengjiang/Documents/Project/J2ee/project/aurora-java/aurora-plugin-weixin/aurora-plugin-weixin/src/main/resources
2015-07-29 10:01:59,379 [Worker-0] INFO  o.e.m.c.i.embedder.EclipseLogger - Using 'UTF-8' encoding to copy filtered resources.
2015-07-29 10:01:59,379 [Worker-0] INFO  o.e.m.c.i.embedder.EclipseLogger - skip non existing resourceDirectory /Users/titengjiang/Documents/Project/J2ee/project/aurora-java/aurora-plugin-weixin/aurora-plugin-weixin/src/test/resources
2015-07-29 10:02:04,041 [Worker-5] INFO  o.e.m.c.i.embedder.EclipseLogger - Using 'UTF-8' encoding to copy filtered resources.
2015-07-29 10:02:04,041 [Worker-5] INFO  o.e.m.c.i.embedder.EclipseLogger - skip non existing resourceDirectory /Users/titengjiang/Documents/Project/J2ee/project/aurora-java/aurora-plugin-weixin/aurora-plugin-weixin/src/main/resources
2015-07-29 10:02:04,042 [Worker-5] INFO  o.e.m.c.i.embedder.EclipseLogger - Using 'UTF-8' encoding to copy filtered resources.
2015-07-29 10:02:04,043 [Worker-5] INFO  o.e.m.c.i.embedder.EclipseLogger - skip non existing resourceDirectory /Users/titengjiang/Documents/Project/J2ee/project/aurora-java/aurora-plugin-weixin/aurora-plugin-weixin/src/test/resources
2015-07-29 10:02:45,232 [Worker-9] INFO  o.e.m.c.i.l.LifecycleMappingFactory - Using org.eclipse.m2e.jdt.JarLifecycleMapping lifecycle mapping for MavenProject: com.hand:aurora-plugin-weixin:0.0.1-SNAPSHOT @ /Users/titengjiang/Documents/Project/J2ee/project/aurora-java/aurora-plugin-weixin/aurora-plugin-weixin/pom.xml.
2015-07-29 10:02:45,354 [Worker-9] INFO  o.e.m.c.i.embedder.EclipseLogger - Using 'UTF-8' encoding to copy filtered resources.
2015-07-29 10:02:45,354 [Worker-9] INFO  o.e.m.c.i.embedder.EclipseLogger - skip non existing resourceDirectory /Users/titengjiang/Documents/Project/J2ee/project/aurora-java/aurora-plugin-weixin/aurora-plugin-weixin/src/main/resources
2015-07-29 10:02:45,355 [Worker-9] INFO  o.e.m.c.i.embedder.EclipseLogger - Using 'UTF-8' encoding to copy filtered resources.
2015-07-29 10:02:45,356 [Worker-9] INFO  o.e.m.c.i.embedder.EclipseLogger - skip non existing resourceDirectory /Users/titengjiang/Documents/Project/J2ee/project/aurora-java/aurora-plugin-weixin/aurora-plugin-weixin/src/test/resources
2015-07-29 10:02:46,478 [Worker-3] INFO  o.e.m.c.i.embedder.EclipseLogger - Using 'UTF-8' encoding to copy filtered resources.
2015-07-29 10:02:46,478 [Worker-3] INFO  o.e.m.c.i.embedder.EclipseLogger - skip non existing resourceDirectory /Users/titengjiang/Documents/Project/J2ee/project/aurora-java/aurora-plugin-weixin/aurora-plugin-weixin/src/main/resources
2015-07-29 10:02:46,480 [Worker-3] INFO  o.e.m.c.i.embedder.EclipseLogger - Using 'UTF-8' encoding to copy filtered resources.
2015-07-29 10:02:46,480 [Worker-3] INFO  o.e.m.c.i.embedder.EclipseLogger - skip non existing resourceDirectory /Users/titengjiang/Documents/Project/J2ee/project/aurora-java/aurora-plugin-weixin/aurora-plugin-weixin/src/test/resources
2015-07-29 10:03:05,849 [Worker-0] INFO  o.e.m.c.i.l.LifecycleMappingFactory - Using org.eclipse.m2e.jdt.JarLifecycleMapping lifecycle mapping for MavenProject: com.hand:aurora-plugin-weixin:0.0.1-SNAPSHOT @ /Users/titengjiang/Documents/Project/J2ee/project/aurora-java/aurora-plugin-weixin/aurora-plugin-weixin/pom.xml.
2015-07-29 10:03:05,888 [Worker-0] INFO  o.e.m.c.i.embedder.EclipseLogger - Using 'UTF-8' encoding to copy filtered resources.
2015-07-29 10:03:05,888 [Worker-0] INFO  o.e.m.c.i.embedder.EclipseLogger - skip non existing resourceDirectory /Users/titengjiang/Documents/Project/J2ee/project/aurora-java/aurora-plugin-weixin/aurora-plugin-weixin/src/main/resources
2015-07-29 10:03:05,890 [Worker-0] INFO  o.e.m.c.i.embedder.EclipseLogger - Using 'UTF-8' encoding to copy filtered resources.
2015-07-29 10:03:05,890 [Worker-0] INFO  o.e.m.c.i.embedder.EclipseLogger - skip non existing resourceDirectory /Users/titengjiang/Documents/Project/J2ee/project/aurora-java/aurora-plugin-weixin/aurora-plugin-weixin/src/test/resources
2015-07-29 10:03:58,145 [Worker-1] INFO  o.e.m.c.i.l.LifecycleMappingFactory - Using org.eclipse.m2e.jdt.JarLifecycleMapping lifecycle mapping for MavenProject: com.hand:aurora-plugin-weixin:0.0.1-SNAPSHOT @ /Users/titengjiang/Documents/Project/J2ee/project/aurora-java/aurora-plugin-weixin/aurora-plugin-weixin/pom.xml.
2015-07-29 10:03:58,212 [Worker-1] INFO  o.e.m.c.i.embedder.EclipseLogger - Using 'UTF-8' encoding to copy filtered resources.
2015-07-29 10:03:58,212 [Worker-1] INFO  o.e.m.c.i.embedder.EclipseLogger - skip non existing resourceDirectory /Users/titengjiang/Documents/Project/J2ee/project/aurora-java/aurora-plugin-weixin/aurora-plugin-weixin/src/main/resources
2015-07-29 10:03:58,216 [Worker-1] INFO  o.e.m.c.i.embedder.EclipseLogger - Using 'UTF-8' encoding to copy filtered resources.
2015-07-29 10:03:58,216 [Worker-1] INFO  o.e.m.c.i.embedder.EclipseLogger - skip non existing resourceDirectory /Users/titengjiang/Documents/Project/J2ee/project/aurora-java/aurora-plugin-weixin/aurora-plugin-weixin/src/test/resources
2015-07-29 10:07:49,140 [Worker-5] INFO  o.e.m.c.i.embedder.EclipseLogger - Using 'UTF-8' encoding to copy filtered resources.
2015-07-29 10:07:49,140 [Worker-5] INFO  o.e.m.c.i.embedder.EclipseLogger - skip non existing resourceDirectory /Users/titengjiang/Documents/Project/J2ee/project/aurora-java/aurora-plugin-weixin/aurora-plugin-weixin/src/main/resources
2015-07-29 10:07:49,142 [Worker-5] INFO  o.e.m.c.i.embedder.EclipseLogger - Using 'UTF-8' encoding to copy filtered resources.
2015-07-29 10:07:49,142 [Worker-5] INFO  o.e.m.c.i.embedder.EclipseLogger - skip non existing resourceDirectory /Users/titengjiang/Documents/Project/J2ee/project/aurora-java/aurora-plugin-weixin/aurora-plugin-weixin/src/test/resources
2015-07-29 10:08:15,211 [Worker-0] INFO  o.e.m.c.i.embedder.EclipseLogger - Using 'UTF-8' encoding to copy filtered resources.
2015-07-29 10:08:15,212 [Worker-0] INFO  o.e.m.c.i.embedder.EclipseLogger - skip non existing resourceDirectory /Users/titengjiang/Documents/Project/J2ee/project/aurora-java/aurora-plugin-weixin/aurora-plugin-weixin/src/main/resources
2015-07-29 10:08:15,213 [Worker-0] INFO  o.e.m.c.i.embedder.EclipseLogger - Using 'UTF-8' encoding to copy filtered resources.
2015-07-29 10:08:15,213 [Worker-0] INFO  o.e.m.c.i.embedder.EclipseLogger - skip non existing resourceDirectory /Users/titengjiang/Documents/Project/J2ee/project/aurora-java/aurora-plugin-weixin/aurora-plugin-weixin/src/test/resources
2015-07-29 10:08:30,307 [Worker-7] INFO  o.e.m.c.i.embedder.EclipseLogger - Using 'UTF-8' encoding to copy filtered resources.
2015-07-29 10:08:30,307 [Worker-7] INFO  o.e.m.c.i.embedder.EclipseLogger - skip non existing resourceDirectory /Users/titengjiang/Documents/Project/J2ee/project/aurora-java/aurora-plugin-weixin/aurora-plugin-weixin/src/main/resources
2015-07-29 10:08:30,308 [Worker-7] INFO  o.e.m.c.i.embedder.EclipseLogger - Using 'UTF-8' encoding to copy filtered resources.
2015-07-29 10:08:30,309 [Worker-7] INFO  o.e.m.c.i.embedder.EclipseLogger - skip non existing resourceDirectory /Users/titengjiang/Documents/Project/J2ee/project/aurora-java/aurora-plugin-weixin/aurora-plugin-weixin/src/test/resources
2015-07-29 10:08:39,395 [Worker-0] INFO  o.e.m.c.i.embedder.EclipseLogger - Using 'UTF-8' encoding to copy filtered resources.
2015-07-29 10:08:39,396 [Worker-0] INFO  o.e.m.c.i.embedder.EclipseLogger - skip non existing resourceDirectory /Users/titengjiang/Documents/Project/J2ee/project/aurora-java/aurora-plugin-weixin/aurora-plugin-weixin/src/main/resources
2015-07-29 10:08:39,397 [Worker-0] INFO  o.e.m.c.i.embedder.EclipseLogger - Using 'UTF-8' encoding to copy filtered resources.
2015-07-29 10:08:39,397 [Worker-0] INFO  o.e.m.c.i.embedder.EclipseLogger - skip non existing resourceDirectory /Users/titengjiang/Documents/Project/J2ee/project/aurora-java/aurora-plugin-weixin/aurora-plugin-weixin/src/test/resources
2015-07-29 10:09:09,853 [Worker-10] INFO  o.e.m.c.i.embedder.EclipseLogger - Using 'UTF-8' encoding to copy filtered resources.
2015-07-29 10:09:09,853 [Worker-10] INFO  o.e.m.c.i.embedder.EclipseLogger - skip non existing resourceDirectory /Users/titengjiang/Documents/Project/J2ee/project/aurora-java/aurora-plugin-weixin/aurora-plugin-weixin/src/main/resources
2015-07-29 10:09:09,854 [Worker-10] INFO  o.e.m.c.i.embedder.EclipseLogger - Using 'UTF-8' encoding to copy filtered resources.
2015-07-29 10:09:09,854 [Worker-10] INFO  o.e.m.c.i.embedder.EclipseLogger - skip non existing resourceDirectory /Users/titengjiang/Documents/Project/J2ee/project/aurora-java/aurora-plugin-weixin/aurora-plugin-weixin/src/test/resources
2015-07-29 10:15:28,336 [Worker-7] INFO  o.e.m.c.i.embedder.EclipseLogger - Using 'UTF-8' encoding to copy filtered resources.
2015-07-29 10:15:28,337 [Worker-7] INFO  o.e.m.c.i.embedder.EclipseLogger - skip non existing resourceDirectory /Users/titengjiang/Documents/Project/J2ee/project/aurora-java/aurora-plugin-weixin/aurora-plugin-weixin/src/main/resources
2015-07-29 10:15:28,338 [Worker-7] INFO  o.e.m.c.i.embedder.EclipseLogger - Using 'UTF-8' encoding to copy filtered resources.
2015-07-29 10:15:28,338 [Worker-7] INFO  o.e.m.c.i.embedder.EclipseLogger - skip non existing resourceDirectory /Users/titengjiang/Documents/Project/J2ee/project/aurora-java/aurora-plugin-weixin/aurora-plugin-weixin/src/test/resources
2015-07-29 10:16:12,209 [Worker-8] INFO  o.e.m.c.i.l.LifecycleMappingFactory - Using org.eclipse.m2e.jdt.JarLifecycleMapping lifecycle mapping for MavenProject: com.hand:aurora-plugin-weixin:0.0.1-SNAPSHOT @ /Users/titengjiang/Documents/Project/J2ee/project/aurora-java/aurora-plugin-weixin/aurora-plugin-weixin/pom.xml.
2015-07-29 10:16:12,323 [Worker-8] INFO  o.e.m.c.i.embedder.EclipseLogger - Using 'UTF-8' encoding to copy filtered resources.
2015-07-29 10:16:12,324 [Worker-8] INFO  o.e.m.c.i.embedder.EclipseLogger - skip non existing resourceDirectory /Users/titengjiang/Documents/Project/J2ee/project/aurora-java/aurora-plugin-weixin/aurora-plugin-weixin/src/main/resources
2015-07-29 10:16:12,328 [Worker-8] INFO  o.e.m.c.i.embedder.EclipseLogger - Using 'UTF-8' encoding to copy filtered resources.
2015-07-29 10:16:12,328 [Worker-8] INFO  o.e.m.c.i.embedder.EclipseLogger - skip non existing resourceDirectory /Users/titengjiang/Documents/Project/J2ee/project/aurora-java/aurora-plugin-weixin/aurora-plugin-weixin/src/test/resources
2015-07-29 10:19:05,275 [Worker-7] INFO  o.e.m.c.i.embedder.EclipseLogger - Using 'UTF-8' encoding to copy filtered resources.
2015-07-29 10:19:05,275 [Worker-7] INFO  o.e.m.c.i.embedder.EclipseLogger - skip non existing resourceDirectory /Users/titengjiang/Documents/Project/J2ee/project/aurora-java/aurora-plugin-weixin/aurora-plugin-weixin/src/main/resources
2015-07-29 10:19:05,277 [Worker-7] INFO  o.e.m.c.i.embedder.EclipseLogger - Using 'UTF-8' encoding to copy filtered resources.
2015-07-29 10:19:05,277 [Worker-7] INFO  o.e.m.c.i.embedder.EclipseLogger - skip non existing resourceDirectory /Users/titengjiang/Documents/Project/J2ee/project/aurora-java/aurora-plugin-weixin/aurora-plugin-weixin/src/test/resources
2015-07-29 10:19:15,016 [Worker-3] INFO  o.e.m.c.i.l.LifecycleMappingFactory - Using org.eclipse.m2e.jdt.JarLifecycleMapping lifecycle mapping for MavenProject: com.hand:aurora-plugin-weixin:0.0.1-SNAPSHOT @ /Users/titengjiang/Documents/Project/J2ee/project/aurora-java/aurora-plugin-weixin/aurora-plugin-weixin/pom.xml.
2015-07-29 10:19:15,124 [Worker-3] INFO  o.e.m.c.i.embedder.EclipseLogger - Using 'UTF-8' encoding to copy filtered resources.
2015-07-29 10:19:15,125 [Worker-3] INFO  o.e.m.c.i.embedder.EclipseLogger - skip non existing resourceDirectory /Users/titengjiang/Documents/Project/J2ee/project/aurora-java/aurora-plugin-weixin/aurora-plugin-weixin/src/main/resources
2015-07-29 10:19:15,126 [Worker-3] INFO  o.e.m.c.i.embedder.EclipseLogger - Using 'UTF-8' encoding to copy filtered resources.
2015-07-29 10:19:15,126 [Worker-3] INFO  o.e.m.c.i.embedder.EclipseLogger - skip non existing resourceDirectory /Users/titengjiang/Documents/Project/J2ee/project/aurora-java/aurora-plugin-weixin/aurora-plugin-weixin/src/test/resources
2015-07-29 10:29:54,860 [Worker-0] INFO  o.e.m.c.i.embedder.EclipseLogger - Using 'UTF-8' encoding to copy filtered resources.
2015-07-29 10:29:54,861 [Worker-0] INFO  o.e.m.c.i.embedder.EclipseLogger - skip non existing resourceDirectory /Users/titengjiang/Documents/Project/J2ee/project/aurora-java/aurora-plugin-weixin/aurora-plugin-weixin/src/main/resources
2015-07-29 10:29:54,862 [Worker-0] INFO  o.e.m.c.i.embedder.EclipseLogger - Using 'UTF-8' encoding to copy filtered resources.
2015-07-29 10:29:54,862 [Worker-0] INFO  o.e.m.c.i.embedder.EclipseLogger - skip non existing resourceDirectory /Users/titengjiang/Documents/Project/J2ee/project/aurora-java/aurora-plugin-weixin/aurora-plugin-weixin/src/test/resources
2015-07-29 10:30:00,825 [Worker-8] INFO  o.e.m.c.i.embedder.EclipseLogger - Using 'UTF-8' encoding to copy filtered resources.
2015-07-29 10:30:00,827 [Worker-8] INFO  o.e.m.c.i.embedder.EclipseLogger - skip non existing resourceDirectory /Users/titengjiang/Documents/Project/J2ee/project/aurora-java/aurora-plugin-weixin/aurora-plugin-weixin/src/main/resources
2015-07-29 10:30:00,829 [Worker-8] INFO  o.e.m.c.i.embedder.EclipseLogger - Using 'UTF-8' encoding to copy filtered resources.
2015-07-29 10:30:00,829 [Worker-8] INFO  o.e.m.c.i.embedder.EclipseLogger - skip non existing resourceDirectory /Users/titengjiang/Documents/Project/J2ee/project/aurora-java/aurora-plugin-weixin/aurora-plugin-weixin/src/test/resources
2015-07-29 10:30:05,598 [Worker-5] INFO  o.e.m.c.i.embedder.EclipseLogger - Using 'UTF-8' encoding to copy filtered resources.
2015-07-29 10:30:05,598 [Worker-5] INFO  o.e.m.c.i.embedder.EclipseLogger - skip non existing resourceDirectory /Users/titengjiang/Documents/Project/J2ee/project/aurora-java/aurora-plugin-weixin/aurora-plugin-weixin/src/main/resources
2015-07-29 10:30:05,599 [Worker-5] INFO  o.e.m.c.i.embedder.EclipseLogger - Using 'UTF-8' encoding to copy filtered resources.
2015-07-29 10:30:05,599 [Worker-5] INFO  o.e.m.c.i.embedder.EclipseLogger - skip non existing resourceDirectory /Users/titengjiang/Documents/Project/J2ee/project/aurora-java/aurora-plugin-weixin/aurora-plugin-weixin/src/test/resources
2015-07-29 10:30:19,294 [Worker-9] INFO  o.e.m.c.i.l.LifecycleMappingFactory - Using org.eclipse.m2e.jdt.JarLifecycleMapping lifecycle mapping for MavenProject: com.hand:aurora-plugin-weixin:0.0.1-SNAPSHOT @ /Users/titengjiang/Documents/Project/J2ee/project/aurora-java/aurora-plugin-weixin/aurora-plugin-weixin/pom.xml.
2015-07-29 10:30:19,371 [Worker-9] INFO  o.e.m.c.i.embedder.EclipseLogger - Using 'UTF-8' encoding to copy filtered resources.
2015-07-29 10:30:19,372 [Worker-9] INFO  o.e.m.c.i.embedder.EclipseLogger - skip non existing resourceDirectory /Users/titengjiang/Documents/Project/J2ee/project/aurora-java/aurora-plugin-weixin/aurora-plugin-weixin/src/main/resources
2015-07-29 10:30:19,373 [Worker-9] INFO  o.e.m.c.i.embedder.EclipseLogger - Using 'UTF-8' encoding to copy filtered resources.
2015-07-29 10:30:19,373 [Worker-9] INFO  o.e.m.c.i.embedder.EclipseLogger - skip non existing resourceDirectory /Users/titengjiang/Documents/Project/J2ee/project/aurora-java/aurora-plugin-weixin/aurora-plugin-weixin/src/test/resources
2015-07-29 10:41:04,672 [Worker-5] INFO  o.e.m.c.i.embedder.EclipseLogger - Using 'UTF-8' encoding to copy filtered resources.
2015-07-29 10:41:04,677 [Worker-5] INFO  o.e.m.c.i.embedder.EclipseLogger - skip non existing resourceDirectory /Users/titengjiang/Documents/Project/J2ee/project/aurora-java/aurora-plugin-weixin/aurora-plugin-weixin/src/main/resources
2015-07-29 10:41:04,681 [Worker-5] INFO  o.e.m.c.i.embedder.EclipseLogger - Using 'UTF-8' encoding to copy filtered resources.
2015-07-29 10:41:04,683 [Worker-5] INFO  o.e.m.c.i.embedder.EclipseLogger - skip non existing resourceDirectory /Users/titengjiang/Documents/Project/J2ee/project/aurora-java/aurora-plugin-weixin/aurora-plugin-weixin/src/test/resources
2015-07-29 10:41:13,841 [Worker-9] INFO  o.e.m.c.i.l.LifecycleMappingFactory - Using org.eclipse.m2e.jdt.JarLifecycleMapping lifecycle mapping for MavenProject: com.hand:aurora-plugin-weixin:0.0.1-SNAPSHOT @ /Users/titengjiang/Documents/Project/J2ee/project/aurora-java/aurora-plugin-weixin/aurora-plugin-weixin/pom.xml.
2015-07-29 10:41:13,909 [Worker-9] INFO  o.e.m.c.i.embedder.EclipseLogger - Using 'UTF-8' encoding to copy filtered resources.
2015-07-29 10:41:13,910 [Worker-9] INFO  o.e.m.c.i.embedder.EclipseLogger - skip non existing resourceDirectory /Users/titengjiang/Documents/Project/J2ee/project/aurora-java/aurora-plugin-weixin/aurora-plugin-weixin/src/main/resources
2015-07-29 10:41:13,911 [Worker-9] INFO  o.e.m.c.i.embedder.EclipseLogger - Using 'UTF-8' encoding to copy filtered resources.
2015-07-29 10:41:13,911 [Worker-9] INFO  o.e.m.c.i.embedder.EclipseLogger - skip non existing resourceDirectory /Users/titengjiang/Documents/Project/J2ee/project/aurora-java/aurora-plugin-weixin/aurora-plugin-weixin/src/test/resources
2015-07-29 10:42:30,149 [Worker-1] INFO  o.e.m.c.i.l.LifecycleMappingFactory - Using org.eclipse.m2e.jdt.JarLifecycleMapping lifecycle mapping for MavenProject: com.hand:aurora-plugin-weixin:0.0.1-SNAPSHOT @ /Users/titengjiang/Documents/Project/J2ee/project/aurora-java/aurora-plugin-weixin/aurora-plugin-weixin/pom.xml.
2015-07-29 10:42:30,209 [Worker-1] INFO  o.e.m.c.i.embedder.EclipseLogger - Using 'UTF-8' encoding to copy filtered resources.
2015-07-29 10:42:30,209 [Worker-1] INFO  o.e.m.c.i.embedder.EclipseLogger - skip non existing resourceDirectory /Users/titengjiang/Documents/Project/J2ee/project/aurora-java/aurora-plugin-weixin/aurora-plugin-weixin/src/main/resources
2015-07-29 10:42:30,210 [Worker-1] INFO  o.e.m.c.i.embedder.EclipseLogger - Using 'UTF-8' encoding to copy filtered resources.
2015-07-29 10:42:30,210 [Worker-1] INFO  o.e.m.c.i.embedder.EclipseLogger - skip non existing resourceDirectory /Users/titengjiang/Documents/Project/J2ee/project/aurora-java/aurora-plugin-weixin/aurora-plugin-weixin/src/test/resources
2015-07-29 10:42:49,001 [Worker-7] INFO  o.e.m.c.i.l.LifecycleMappingFactory - Using org.eclipse.m2e.jdt.JarLifecycleMapping lifecycle mapping for MavenProject: com.hand:aurora-plugin-weixin:0.0.1-SNAPSHOT @ /Users/titengjiang/Documents/Project/J2ee/project/aurora-java/aurora-plugin-weixin/aurora-plugin-weixin/pom.xml.
2015-07-29 10:42:49,067 [Worker-7] INFO  o.e.m.c.i.embedder.EclipseLogger - Using 'UTF-8' encoding to copy filtered resources.
2015-07-29 10:42:49,067 [Worker-7] INFO  o.e.m.c.i.embedder.EclipseLogger - skip non existing resourceDirectory /Users/titengjiang/Documents/Project/J2ee/project/aurora-java/aurora-plugin-weixin/aurora-plugin-weixin/src/main/resources
2015-07-29 10:42:49,068 [Worker-7] INFO  o.e.m.c.i.embedder.EclipseLogger - Using 'UTF-8' encoding to copy filtered resources.
2015-07-29 10:42:49,068 [Worker-7] INFO  o.e.m.c.i.embedder.EclipseLogger - skip non existing resourceDirectory /Users/titengjiang/Documents/Project/J2ee/project/aurora-java/aurora-plugin-weixin/aurora-plugin-weixin/src/test/resources
2015-07-29 10:45:59,917 [Worker-7] INFO  o.e.m.c.i.embedder.EclipseLogger - Using 'UTF-8' encoding to copy filtered resources.
2015-07-29 10:45:59,918 [Worker-7] INFO  o.e.m.c.i.embedder.EclipseLogger - skip non existing resourceDirectory /Users/titengjiang/Documents/Project/J2ee/project/aurora-java/aurora-plugin-weixin/aurora-plugin-weixin/src/main/resources
2015-07-29 10:45:59,920 [Worker-7] INFO  o.e.m.c.i.embedder.EclipseLogger - Using 'UTF-8' encoding to copy filtered resources.
2015-07-29 10:45:59,920 [Worker-7] INFO  o.e.m.c.i.embedder.EclipseLogger - skip non existing resourceDirectory /Users/titengjiang/Documents/Project/J2ee/project/aurora-java/aurora-plugin-weixin/aurora-plugin-weixin/src/test/resources
2015-07-29 10:46:13,376 [Worker-1] INFO  o.e.m.c.i.l.LifecycleMappingFactory - Using org.eclipse.m2e.jdt.JarLifecycleMapping lifecycle mapping for MavenProject: com.hand:aurora-plugin-weixin:0.0.1-SNAPSHOT @ /Users/titengjiang/Documents/Project/J2ee/project/aurora-java/aurora-plugin-weixin/aurora-plugin-weixin/pom.xml.
2015-07-29 10:46:13,466 [Worker-1] INFO  o.e.m.c.i.embedder.EclipseLogger - Using 'UTF-8' encoding to copy filtered resources.
2015-07-29 10:46:13,467 [Worker-1] INFO  o.e.m.c.i.embedder.EclipseLogger - skip non existing resourceDirectory /Users/titengjiang/Documents/Project/J2ee/project/aurora-java/aurora-plugin-weixin/aurora-plugin-weixin/src/main/resources
2015-07-29 10:46:13,479 [Worker-1] INFO  o.e.m.c.i.embedder.EclipseLogger - Using 'UTF-8' encoding to copy filtered resources.
2015-07-29 10:46:13,479 [Worker-1] INFO  o.e.m.c.i.embedder.EclipseLogger - skip non existing resourceDirectory /Users/titengjiang/Documents/Project/J2ee/project/aurora-java/aurora-plugin-weixin/aurora-plugin-weixin/src/test/resources
2015-07-29 10:47:29,676 [Worker-7] INFO  o.e.m.c.i.l.LifecycleMappingFactory - Using org.eclipse.m2e.jdt.JarLifecycleMapping lifecycle mapping for MavenProject: com.hand:aurora-plugin-weixin:0.0.1-SNAPSHOT @ /Users/titengjiang/Documents/Project/J2ee/project/aurora-java/aurora-plugin-weixin/aurora-plugin-weixin/pom.xml.
2015-07-29 10:47:29,749 [Worker-7] INFO  o.e.m.c.i.embedder.EclipseLogger - Using 'UTF-8' encoding to copy filtered resources.
2015-07-29 10:47:29,749 [Worker-7] INFO  o.e.m.c.i.embedder.EclipseLogger - skip non existing resourceDirectory /Users/titengjiang/Documents/Project/J2ee/project/aurora-java/aurora-plugin-weixin/aurora-plugin-weixin/src/main/resources
2015-07-29 10:47:29,750 [Worker-7] INFO  o.e.m.c.i.embedder.EclipseLogger - Using 'UTF-8' encoding to copy filtered resources.
2015-07-29 10:47:29,750 [Worker-7] INFO  o.e.m.c.i.embedder.EclipseLogger - skip non existing resourceDirectory /Users/titengjiang/Documents/Project/J2ee/project/aurora-java/aurora-plugin-weixin/aurora-plugin-weixin/src/test/resources
2015-07-29 10:48:15,353 [Worker-9] INFO  o.e.m.c.i.l.LifecycleMappingFactory - Using org.eclipse.m2e.jdt.JarLifecycleMapping lifecycle mapping for MavenProject: com.hand:aurora-plugin-weixin:0.0.1-SNAPSHOT @ /Users/titengjiang/Documents/Project/J2ee/project/aurora-java/aurora-plugin-weixin/aurora-plugin-weixin/pom.xml.
2015-07-29 10:48:15,417 [Worker-9] INFO  o.e.m.c.i.embedder.EclipseLogger - Using 'UTF-8' encoding to copy filtered resources.
2015-07-29 10:48:15,417 [Worker-9] INFO  o.e.m.c.i.embedder.EclipseLogger - skip non existing resourceDirectory /Users/titengjiang/Documents/Project/J2ee/project/aurora-java/aurora-plugin-weixin/aurora-plugin-weixin/src/main/resources
2015-07-29 10:48:15,418 [Worker-9] INFO  o.e.m.c.i.embedder.EclipseLogger - Using 'UTF-8' encoding to copy filtered resources.
2015-07-29 10:48:15,418 [Worker-9] INFO  o.e.m.c.i.embedder.EclipseLogger - skip non existing resourceDirectory /Users/titengjiang/Documents/Project/J2ee/project/aurora-java/aurora-plugin-weixin/aurora-plugin-weixin/src/test/resources
2015-07-29 10:50:40,301 [Worker-1] INFO  o.e.m.c.i.embedder.EclipseLogger - Using 'UTF-8' encoding to copy filtered resources.
2015-07-29 10:50:40,301 [Worker-1] INFO  o.e.m.c.i.embedder.EclipseLogger - skip non existing resourceDirectory /Users/titengjiang/Documents/Project/J2ee/project/aurora-java/aurora-plugin-weixin/aurora-plugin-weixin/src/main/resources
2015-07-29 10:50:40,302 [Worker-1] INFO  o.e.m.c.i.embedder.EclipseLogger - Using 'UTF-8' encoding to copy filtered resources.
2015-07-29 10:50:40,303 [Worker-1] INFO  o.e.m.c.i.embedder.EclipseLogger - skip non existing resourceDirectory /Users/titengjiang/Documents/Project/J2ee/project/aurora-java/aurora-plugin-weixin/aurora-plugin-weixin/src/test/resources
2015-07-29 10:51:12,246 [Worker-5] INFO  o.e.m.c.i.l.LifecycleMappingFactory - Using org.eclipse.m2e.jdt.JarLifecycleMapping lifecycle mapping for MavenProject: com.hand:aurora-plugin-weixin:0.0.1-SNAPSHOT @ /Users/titengjiang/Documents/Project/J2ee/project/aurora-java/aurora-plugin-weixin/aurora-plugin-weixin/pom.xml.
2015-07-29 10:51:12,300 [Worker-5] INFO  o.e.m.c.i.embedder.EclipseLogger - Using 'UTF-8' encoding to copy filtered resources.
2015-07-29 10:51:12,300 [Worker-5] INFO  o.e.m.c.i.embedder.EclipseLogger - skip non existing resourceDirectory /Users/titengjiang/Documents/Project/J2ee/project/aurora-java/aurora-plugin-weixin/aurora-plugin-weixin/src/main/resources
2015-07-29 10:51:12,301 [Worker-5] INFO  o.e.m.c.i.embedder.EclipseLogger - Using 'UTF-8' encoding to copy filtered resources.
2015-07-29 10:51:12,302 [Worker-5] INFO  o.e.m.c.i.embedder.EclipseLogger - skip non existing resourceDirectory /Users/titengjiang/Documents/Project/J2ee/project/aurora-java/aurora-plugin-weixin/aurora-plugin-weixin/src/test/resources
2015-07-29 10:54:49,825 [Worker-5] INFO  o.e.m.c.i.embedder.EclipseLogger - Using 'UTF-8' encoding to copy filtered resources.
2015-07-29 10:54:49,827 [Worker-5] INFO  o.e.m.c.i.embedder.EclipseLogger - skip non existing resourceDirectory /Users/titengjiang/Documents/Project/J2ee/project/aurora-java/aurora-plugin-weixin/aurora-plugin-weixin/src/main/resources
2015-07-29 10:54:49,828 [Worker-5] INFO  o.e.m.c.i.embedder.EclipseLogger - Using 'UTF-8' encoding to copy filtered resources.
2015-07-29 10:54:49,828 [Worker-5] INFO  o.e.m.c.i.embedder.EclipseLogger - skip non existing resourceDirectory /Users/titengjiang/Documents/Project/J2ee/project/aurora-java/aurora-plugin-weixin/aurora-plugin-weixin/src/test/resources
2015-07-29 10:55:07,078 [Worker-0] INFO  o.e.m.c.i.l.LifecycleMappingFactory - Using org.eclipse.m2e.jdt.JarLifecycleMapping lifecycle mapping for MavenProject: com.hand:aurora-plugin-weixin:0.0.1-SNAPSHOT @ /Users/titengjiang/Documents/Project/J2ee/project/aurora-java/aurora-plugin-weixin/aurora-plugin-weixin/pom.xml.
2015-07-29 10:55:07,164 [Worker-0] INFO  o.e.m.c.i.embedder.EclipseLogger - Using 'UTF-8' encoding to copy filtered resources.
2015-07-29 10:55:07,164 [Worker-0] INFO  o.e.m.c.i.embedder.EclipseLogger - skip non existing resourceDirectory /Users/titengjiang/Documents/Project/J2ee/project/aurora-java/aurora-plugin-weixin/aurora-plugin-weixin/src/main/resources
2015-07-29 10:55:07,165 [Worker-0] INFO  o.e.m.c.i.embedder.EclipseLogger - Using 'UTF-8' encoding to copy filtered resources.
2015-07-29 10:55:07,165 [Worker-0] INFO  o.e.m.c.i.embedder.EclipseLogger - skip non existing resourceDirectory /Users/titengjiang/Documents/Project/J2ee/project/aurora-java/aurora-plugin-weixin/aurora-plugin-weixin/src/test/resources
